<?xml version="1.0" encoding="UTF-8"?>
<!-- Generated by org.testng.reporters.JUnitXMLReporter -->
<testsuite ignored="3" hostname="Ido" failures="0" tests="1" name="Default test" time="173.101" errors="0" timestamp="2021-05-29T21:17:33 IDT">
  <testcase classname="aaa.bbb.FinalProject.tests.StoreTest" name="Store" time="166.074"/>
  <testcase classname="aaa.bbb.FinalProject.tests.StoreTest" name="wishList" time="0.0">
    <ignored/>
  </testcase> <!-- wishList -->
  <testcase classname="aaa.bbb.FinalProject.tests.StoreTest" name="searchAndCompare" time="0.0">
    <ignored/>
  </testcase> <!-- searchAndCompare -->
  <testcase classname="aaa.bbb.FinalProject.tests.StoreTest" name="addToCart" time="0.0">
    <ignored/>
  </testcase> <!-- addToCart -->
</testsuite> <!-- Default test -->
