<?xml version="1.0" encoding="UTF-8"?>
<!-- Generated by org.testng.reporters.JUnitXMLReporter -->
<testsuite ignored="2" hostname="Ido" failures="0" tests="2" name="storeXMLTests" time="71.818" errors="0" timestamp="2021-05-29T21:12:05 IDT">
  <testcase classname="aaa.bbb.FinalProject.tests.StoreTest" name="addToCart" time="16.241"/>
  <testcase classname="aaa.bbb.FinalProject.tests.StoreTest" name="wishList" time="36.85"/>
  <testcase classname="aaa.bbb.FinalProject.tests.StoreTest" name="searchAndCompare" time="0.0">
    <ignored/>
  </testcase> <!-- searchAndCompare -->
  <testcase classname="aaa.bbb.FinalProject.tests.StoreTest" name="Store" time="0.0">
    <ignored/>
  </testcase> <!-- Store -->
</testsuite> <!-- storeXMLTests -->
